<?xml version="1.0" encoding="UTF-8"?>
<testng-results ignored="0" total="1" passed="1" failed="0" skipped="0">
  <reporter-output>
  </reporter-output>
  <suite started-at="2026-02-06T18:44:34 IST" name="Default suite" finished-at="2026-02-06T18:44:34 IST" duration-ms="115">
    <groups>
    </groups>
    <test started-at="2026-02-06T18:44:34 IST" name="Default test" finished-at="2026-02-06T18:44:34 IST" duration-ms="115">
      <class name="runners.JenkinsVerificationTest">
        <test-method signature="verifyJenkinsSetup()[pri:0, instance:runners.JenkinsVerificationTest@6743e411]" started-at="2026-02-06T18:44:34 IST" name="verifyJenkinsSetup" finished-at="2026-02-06T18:44:34 IST" duration-ms="28" status="PASS">
          <reporter-output>
          </reporter-output>
        </test-method> <!-- verifyJenkinsSetup -->
      </class> <!-- runners.JenkinsVerificationTest -->
    </test> <!-- Default test -->
  </suite> <!-- Default suite -->
</testng-results>
